Arguments: 
  C:\Program Files\nodejs\node.exe D:\programas\laragon\bin\yarn\bin\yarn.js add @preact/hooks

PATH: 
  C:\Program Files (x86)\Common Files\Oracle\Java\javapath;C:\Python38\Scripts\;C:\Python38\;C:\WINDOWS\system32;C:\WINDOWS;C:\WINDOWS\System32\Wbem;C:\WINDOWS\System32\WindowsPowerShell\v1.0\;C:\WINDOWS\System32\OpenSSH\;C:\ProgramData\chocolatey\bin;C:\Users\rafae\AppData\Roaming\nvm;C:\Program Files\nodejs;C:\Program Files\Java\jdk1.8.0_251\bin;C:\Users\rafae\AppData\Local\Android\Sdk\platform-tools;C:\Program Files\Docker\Docker\resources\bin;C:\ProgramData\DockerDesktop\version-bin;C:\Program Files\NVIDIA Corporation\NVIDIA NvDLISR;C:\Program Files (x86)\NVIDIA Corporation\PhysX\Common;C:\Program Files\Git\cmd;C:\Program Files\dotnet\;C:\Ruby26-x64\bin;C:\Users\rafae\AppData\Local\Yarn\config\global\node_modules\.bin;C:\Users\rafae\AppData\Roaming\Composer\vendor\bin;C:\Users\rafae\AppData\Roaming\npm;D:\programas\laragon\bin;D:\programas\laragon\bin\apache\httpd-2.4.35-win64-VC15\bin;D:\programas\laragon\bin\composer;D:\programas\laragon\bin\laragon\utils;D:\programas\laragon\bin\mysql\mysql-5.7.24-winx64\bin;D:\programas\laragon\bin\nginx\nginx-1.16.0;D:\programas\laragon\bin\ngrok;D:\programas\laragon\bin\notepad++;D:\programas\laragon\bin\php\php-7.2.19-Win32-VC15-x64;D:\programas\laragon\bin\putty;D:\programas\laragon\bin\redis\redis-x64-3.2.100;D:\programas\laragon\bin\telnet;D:\programas\laragon\bin\yarn\bin;D:\programas\laragon\usr\bin;C:\Users\rafae\AppData\Local\Microsoft\WindowsApps;C:\Users\rafae\AppData\Local\Programs\Microsoft VS Code\bin;C:\Users\rafae\.deno\bin;C:\Users\rafae\AppData\Local\hyper\app-3.0.2\resources\bin;C:\Users\rafae\AppData\Roaming\nvm;C:\Program Files\nodejs;C:\Users\rafae\.dotnet\tools

Yarn version: 
  1.14.0

Node version: 
  14.3.0

Platform: 
  win32 x64

Trace: 
  Error: https://registry.yarnpkg.com/@preact%2fhooks: Not found
      at Request.params.callback [as _callback] (D:\programas\laragon\bin\yarn\lib\cli.js:66255:18)
      at Request.self.callback (D:\programas\laragon\bin\yarn\lib\cli.js:129399:22)
      at Request.emit (events.js:315:20)
      at Request.<anonymous> (D:\programas\laragon\bin\yarn\lib\cli.js:130371:10)
      at Request.emit (events.js:315:20)
      at IncomingMessage.<anonymous> (D:\programas\laragon\bin\yarn\lib\cli.js:130293:12)
      at Object.onceWrapper (events.js:421:28)
      at IncomingMessage.emit (events.js:327:22)
      at endReadableNT (_stream_readable.js:1224:12)
      at processTicksAndRejections (internal/process/task_queues.js:84:21)

npm manifest: 
  {
    "scripts": {
      "start": "snowpack dev",
      "build": "snowpack build"
    },
    "devDependencies": {
      "snowpack": "^3.0.1"
    },
    "dependencies": {
      "preact": "^10.5.12"
    }
  }

yarn manifest: 
  No manifest

Lockfile: 
  # THIS IS AN AUTOGENERATED FILE. DO NOT EDIT THIS FILE DIRECTLY.
  # yarn lockfile v1
  
  
  esbuild@^0.8.7:
    version "0.8.46"
    resolved "https://registry.yarnpkg.com/esbuild/-/esbuild-0.8.46.tgz#8fc7230ce3019b12e2553399f0c03875a729c26b"
    integrity sha512-xck9sXNCNmjDHCCfxTCyhKTiFuEBweh+IDAhMLOJI990v1Fzii6MyIkT1LbkvjgoVgPX2SK1kpi5eZVGNrl8yg==
  
  fsevents@^2.2.0, fsevents@~2.3.1:
    version "2.3.2"
    resolved "https://registry.yarnpkg.com/fsevents/-/fsevents-2.3.2.tgz#8a526f78b8fdf4623b709e0b975c52c24c02fd1a"
    integrity sha512-xiqMQR4xAeHTuB9uWm+fFRcIOgKBMiOBP+eXiyT7jsgVCq1bkVygt00oASowB7EdtpOHaaPgKt812P9ab+DDKA==
  
  is-docker@^2.0.0:
    version "2.1.1"
    resolved "https://registry.yarnpkg.com/is-docker/-/is-docker-2.1.1.tgz#4125a88e44e450d384e09047ede71adc2d144156"
    integrity sha512-ZOoqiXfEwtGknTiuDEy8pN2CfE3TxMHprvNer1mXiqwkOT77Rw3YVrUQ52EqAOU3QAWDQ+bQdx7HJzrv7LS2Hw==
  
  is-wsl@^2.1.1:
    version "2.2.0"
    resolved "https://registry.yarnpkg.com/is-wsl/-/is-wsl-2.2.0.tgz#74a4c76e77ca9fd3f932f290c17ea326cd157271"
    integrity sha512-fKzAra0rGJUUBwGBgNkHZuToZcn+TtXHpeCgmkMJMMYx1sQDYaCSyjJBSCa2nH1DGm7s3n1oBnohoVTBaN7Lww==
    dependencies:
      is-docker "^2.0.0"
  
  open@^7.0.4:
    version "7.4.1"
    resolved "https://registry.yarnpkg.com/open/-/open-7.4.1.tgz#4ccedc11ca348d398378ffb39c71357df55fe6f7"
    integrity sha512-Pxv+fKRsd/Ozflgn2Gjev1HZveJJeKR6hKKmdaImJMuEZ6htAvCTbcMABJo+qevlAelTLCrEK3YTKZ9fVTcSPw==
    dependencies:
      is-docker "^2.0.0"
      is-wsl "^2.1.1"
  
  preact@^10.5.12:
    version "10.5.12"
    resolved "https://registry.yarnpkg.com/preact/-/preact-10.5.12.tgz#6a8ee8bf40a695c505df9abebacd924e4dd37704"
    integrity sha512-r6siDkuD36oszwlCkcqDJCAKBQxGoeEGytw2DGMD5A/GGdu5Tymw+N2OBXwvOLxg6d1FeY8MgMV3cc5aVQo4Cg==
  
  rollup@^2.34.0:
    version "2.39.0"
    resolved "https://registry.yarnpkg.com/rollup/-/rollup-2.39.0.tgz#be4f98c9e421793a8fec82c854fb567c35e22ab6"
    integrity sha512-+WR3bttcq7zE+BntH09UxaW3bQo3vItuYeLsyk4dL2tuwbeSKJuvwiawyhEnvRdRgrII0Uzk00FpctHO/zB1kw==
    optionalDependencies:
      fsevents "~2.3.1"
  
  snowpack@^3.0.1:
    version "3.0.11"
    resolved "https://registry.yarnpkg.com/snowpack/-/snowpack-3.0.11.tgz#95f69f95367116e3a9bb5112d090d6328f2d3a28"
    integrity sha512-lBxgkvWTgdg0szE31JUt01wQkA9Lnmm+6lxqeV9rxDfflpx7ASnldVHFvu7Se70QJmPTQB0UJjfKI+xmYGwiiQ==
    dependencies:
      esbuild "^0.8.7"
      open "^7.0.4"
      rollup "^2.34.0"
    optionalDependencies:
      fsevents "^2.2.0"
